<?xml version="1.0" encoding="UTF-8"?>
<Site BuildName="Linux-c++"
	BuildStamp="20201216-0110-Experimental"
	Name="LAPTOP-KHSR90FJ"
	Generator="ctest-3.10.2"
	CompilerName="/usr/bin/c++"
	CompilerVersion="7.5.0"
	OSName="Linux"
	Hostname="LAPTOP-KHSR90FJ"
	OSRelease="4.4.0-19041-Microsoft"
	OSVersion="#488-Microsoft Mon Sep 01 13:43:00 PST 2020"
	OSPlatform="x86_64"
	Is64Bits="1"
	VendorString="AuthenticAMD"
	VendorID="Advanced Micro Devices"
	FamilyID="23"
	ModelID="17"
	ProcessorCacheSize="512"
	NumberOfLogicalCPU="8"
	NumberOfPhysicalCPU="4"
	TotalVirtualMemory="12799"
	TotalPhysicalMemory="7734"
	LogicalProcessorsPerPhysical="2"
	ProcessorClockFrequency="2000"
	>
	<Testing>
		<StartDateTime>Dec 16 09:10 CST</StartDateTime>
		<StartTestTime>1608081008</StartTestTime>
		<TestList/>
		<EndDateTime>Dec 16 09:10 CST</EndDateTime>
		<EndTestTime>1608081008</EndTestTime>
		<ElapsedMinutes>0</ElapsedMinutes>
	</Testing>
</Site>
